  stdafx.cpp
  pokemon.cpp
c:\users\jaewook\onedrive - 연세대학교 (yonsei university)\개발\pokemon\pokemon\canimchar.h(37): warning C4267: 'return': 'size_t'에서 'short'(으)로 변환하면서 데이터가 손실될 수 있습니다.
c:\users\jaewook\onedrive - 연세대학교 (yonsei university)\개발\pokemon\pokemon\pokemon.cpp(108): warning C4244: '인수': 'float'에서 'int'(으)로 변환하면서 데이터가 손실될 수 있습니다.
  interface.cpp
  cUI.cpp
  cMap.cpp
c:\users\jaewook\onedrive - 연세대학교 (yonsei university)\개발\pokemon\pokemon\canimchar.h(37): warning C4267: 'return': 'size_t'에서 'short'(으)로 변환하면서 데이터가 손실될 수 있습니다.
c:\users\jaewook\onedrive - 연세대학교 (yonsei university)\개발\pokemon\pokemon\cmap.cpp(41): warning C4018: '<': signed 또는 unsigned가 일치하지 않습니다.
  cLoader.cpp
c:\users\jaewook\onedrive - 연세대학교 (yonsei university)\개발\pokemon\pokemon\canimchar.h(37): warning C4267: 'return': 'size_t'에서 'short'(으)로 변환하면서 데이터가 손실될 수 있습니다.
c:\users\jaewook\onedrive - 연세대학교 (yonsei university)\개발\pokemon\pokemon\cloader.cpp(6): warning C4996: 'fopen': This function or variable may be unsafe. Consider using fopen_s instead. To disable deprecation, use _CRT_SECURE_NO_WARNINGS. See online help for details.
  c:\program files (x86)\windows kits\10\include\10.0.10240.0\ucrt\stdio.h(205): note: 'fopen' 선언을 참조하십시오.
c:\users\jaewook\onedrive - 연세대학교 (yonsei university)\개발\pokemon\pokemon\cloader.cpp(49): warning C4018: '<': signed 또는 unsigned가 일치하지 않습니다.
c:\users\jaewook\onedrive - 연세대학교 (yonsei university)\개발\pokemon\pokemon\cloader.cpp(52): warning C4018: '<': signed 또는 unsigned가 일치하지 않습니다.
c:\users\jaewook\onedrive - 연세대학교 (yonsei university)\개발\pokemon\pokemon\cloader.cpp(73): warning C4018: '<': signed 또는 unsigned가 일치하지 않습니다.
  cGameManager.cpp
c:\users\jaewook\onedrive - 연세대학교 (yonsei university)\개발\pokemon\pokemon\canimchar.h(37): warning C4267: 'return': 'size_t'에서 'short'(으)로 변환하면서 데이터가 손실될 수 있습니다.
  cCharacter.cpp
c:\users\jaewook\onedrive - 연세대학교 (yonsei university)\개발\pokemon\pokemon\canimchar.h(37): warning C4267: 'return': 'size_t'에서 'short'(으)로 변환하면서 데이터가 손실될 수 있습니다.
  cAnimChar.cpp
c:\users\jaewook\onedrive - 연세대학교 (yonsei university)\개발\pokemon\pokemon\canimchar.h(37): warning C4267: 'return': 'size_t'에서 'short'(으)로 변환하면서 데이터가 손실될 수 있습니다.
c:\users\jaewook\onedrive - 연세대학교 (yonsei university)\개발\pokemon\pokemon\canimchar.cpp(82): warning C4800: 'short': 'true' 또는 'false'로 bool 값을 강제하고 있습니다(성능 경고).
  Point.cpp
  FunctionLibrary.cpp
  코드를 생성하고 있습니다...
  LINK : C:\Users\Jaewook\OneDrive - 연세대학교 (Yonsei University)\개발\pokemon\Debug\pokemon.exe을(를) 찾을 수 없거나 마지막 증분 링크에 의해 빌드되지 않았습니다. 전체 링크를 수행하고 있습니다.
  pokemon.vcxproj -> C:\Users\Jaewook\OneDrive - 연세대학교 (Yonsei University)\개발\pokemon\Debug\pokemon.exe
  pokemon.vcxproj -> C:\Users\Jaewook\OneDrive - 연세대학교 (Yonsei University)\개발\pokemon\Debug\pokemon.pdb (Full PDB)
