c:\users\jaewook\onedrive - 연세대학교 (yonsei university)\개발\pokemon\pokemon\debug\vc140.pdb
c:\users\jaewook\onedrive - 연세대학교 (yonsei university)\개발\pokemon\pokemon\debug\vc140.idb
c:\users\jaewook\onedrive - 연세대학교 (yonsei university)\개발\pokemon\pokemon\debug\pokemon.pch
c:\users\jaewook\onedrive - 연세대학교 (yonsei university)\개발\pokemon\pokemon\debug\stdafx.obj
c:\users\jaewook\onedrive - 연세대학교 (yonsei university)\개발\pokemon\pokemon\debug\cui.obj
c:\users\jaewook\onedrive - 연세대학교 (yonsei university)\개발\pokemon\pokemon\debug\functionlibrary.obj
c:\users\jaewook\onedrive - 연세대학교 (yonsei university)\개발\pokemon\pokemon\debug\interface.obj
c:\users\jaewook\onedrive - 연세대학교 (yonsei university)\개발\pokemon\pokemon\debug\cmap.obj
c:\users\jaewook\onedrive - 연세대학교 (yonsei university)\개발\pokemon\pokemon\debug\ccharacter.obj
c:\users\jaewook\onedrive - 연세대학교 (yonsei university)\개발\pokemon\pokemon\debug\cgamemanager.obj
c:\users\jaewook\onedrive - 연세대학교 (yonsei university)\개발\pokemon\pokemon\debug\pokemon.obj
c:\users\jaewook\onedrive - 연세대학교 (yonsei university)\개발\pokemon\pokemon\debug\cloader.obj
c:\users\jaewook\onedrive - 연세대학교 (yonsei university)\개발\pokemon\pokemon\debug\canim.obj
c:\users\jaewook\onedrive - 연세대학교 (yonsei university)\개발\pokemon\pokemon\debug\canimchar.obj
c:\users\jaewook\onedrive - 연세대학교 (yonsei university)\개발\pokemon\debug\pokemon.ilk
c:\users\jaewook\onedrive - 연세대학교 (yonsei university)\개발\pokemon\debug\pokemon.exe
c:\users\jaewook\onedrive - 연세대학교 (yonsei university)\개발\pokemon\debug\pokemon.pdb
c:\users\jaewook\onedrive - 연세대학교 (yonsei university)\개발\pokemon\pokemon\debug\pokemon.res
c:\users\jaewook\onedrive - 연세대학교 (yonsei university)\개발\pokemon\pokemon\debug\pokemon.tlog\cl.command.1.tlog
c:\users\jaewook\onedrive - 연세대학교 (yonsei university)\개발\pokemon\pokemon\debug\pokemon.tlog\cl.read.1.tlog
c:\users\jaewook\onedrive - 연세대학교 (yonsei university)\개발\pokemon\pokemon\debug\pokemon.tlog\cl.write.1.tlog
c:\users\jaewook\onedrive - 연세대학교 (yonsei university)\개발\pokemon\pokemon\debug\pokemon.tlog\link.command.1.tlog
c:\users\jaewook\onedrive - 연세대학교 (yonsei university)\개발\pokemon\pokemon\debug\pokemon.tlog\link.read.1.tlog
c:\users\jaewook\onedrive - 연세대학교 (yonsei university)\개발\pokemon\pokemon\debug\pokemon.tlog\link.write.1.tlog
c:\users\jaewook\onedrive - 연세대학교 (yonsei university)\개발\pokemon\pokemon\debug\pokemon.tlog\rc.command.1.tlog
c:\users\jaewook\onedrive - 연세대학교 (yonsei university)\개발\pokemon\pokemon\debug\pokemon.tlog\rc.read.1.tlog
c:\users\jaewook\onedrive - 연세대학교 (yonsei university)\개발\pokemon\pokemon\debug\pokemon.tlog\rc.write.1.tlog
