c:\users\inha321-16\desktop\code\practice\debug\practice.pch
c:\users\inha321-16\desktop\code\practice\debug\vc140.pdb
c:\users\inha321-16\desktop\code\practice\debug\vc140.idb
c:\users\inha321-16\desktop\code\practice\debug\stdafx.obj
c:\users\inha321-16\desktop\code\practice\debug\0507.4 getch.obj
c:\users\inha321-16\desktop\code\practice\debug\0507.5 gets,puts.obj
c:\users\inha321-16\desktop\code\practice\debug\test.obj
c:\users\inha321-16\desktop\code\practice\debug\practice.ilk
c:\users\inha321-16\desktop\code\practice\debug\practice.exe
c:\users\inha321-16\desktop\code\practice\debug\practice.pdb
c:\users\inha321-16\desktop\code\practice\debug\practice.tlog\cl.command.1.tlog
c:\users\inha321-16\desktop\code\practice\debug\practice.tlog\cl.read.1.tlog
c:\users\inha321-16\desktop\code\practice\debug\practice.tlog\cl.write.1.tlog
c:\users\inha321-16\desktop\code\practice\debug\practice.tlog\link-cvtres.read.1.tlog
c:\users\inha321-16\desktop\code\practice\debug\practice.tlog\link-cvtres.write.1.tlog
c:\users\inha321-16\desktop\code\practice\debug\practice.tlog\link-rc.read.1.tlog
c:\users\inha321-16\desktop\code\practice\debug\practice.tlog\link-rc.write.1.tlog
c:\users\inha321-16\desktop\code\practice\debug\practice.tlog\link.3236-cvtres.read.1.tlog
c:\users\inha321-16\desktop\code\practice\debug\practice.tlog\link.3236-cvtres.write.1.tlog
c:\users\inha321-16\desktop\code\practice\debug\practice.tlog\link.3236-rc.read.1.tlog
c:\users\inha321-16\desktop\code\practice\debug\practice.tlog\link.3236-rc.write.1.tlog
c:\users\inha321-16\desktop\code\practice\debug\practice.tlog\link.3236.read.1.tlog
c:\users\inha321-16\desktop\code\practice\debug\practice.tlog\link.3236.write.1.tlog
c:\users\inha321-16\desktop\code\practice\debug\practice.tlog\link.command.1.tlog
c:\users\inha321-16\desktop\code\practice\debug\practice.tlog\link.read.1.tlog
c:\users\inha321-16\desktop\code\practice\debug\practice.tlog\link.write.1.tlog
