  cSquare.cpp
c:\users\user\onedrive - 연세대학교 (yonsei university)\개발\api3d\api3d\csquare.cpp(97): warning C4244: 'argument': conversion from 'LONG' to 'float', possible loss of data
c:\users\user\onedrive - 연세대학교 (yonsei university)\개발\api3d\api3d\csquare.cpp(110): warning C4244: 'argument': conversion from 'LONG' to 'float', possible loss of data
c:\users\user\onedrive - 연세대학교 (yonsei university)\개발\api3d\api3d\csquare.cpp(124): warning C4244: 'argument': conversion from 'float' to 'int', possible loss of data
c:\users\user\onedrive - 연세대학교 (yonsei university)\개발\api3d\api3d\csquare.cpp(125): warning C4244: 'argument': conversion from 'float' to 'int', possible loss of data
c:\users\user\onedrive - 연세대학교 (yonsei university)\개발\api3d\api3d\csquare.cpp(134): warning C4244: 'argument': conversion from 'float' to 'int', possible loss of data
c:\users\user\onedrive - 연세대학교 (yonsei university)\개발\api3d\api3d\csquare.cpp(136): warning C4244: 'argument': conversion from 'float' to 'int', possible loss of data
c:\users\user\onedrive - 연세대학교 (yonsei university)\개발\api3d\api3d\csquare.cpp(140): warning C4244: 'argument': conversion from 'float' to 'unsigned int', possible loss of data
c:\users\user\onedrive - 연세대학교 (yonsei university)\개발\api3d\api3d\csquare.cpp(140): warning C4244: 'argument': conversion from 'float' to 'int', possible loss of data
c:\users\user\onedrive - 연세대학교 (yonsei university)\개발\api3d\api3d\csquare.cpp(141): warning C4244: 'argument': conversion from 'float' to 'unsigned int', possible loss of data
c:\users\user\onedrive - 연세대학교 (yonsei university)\개발\api3d\api3d\csquare.cpp(141): warning C4244: 'argument': conversion from 'float' to 'int', possible loss of data
c:\users\user\onedrive - 연세대학교 (yonsei university)\개발\api3d\api3d\csquare.cpp(142): warning C4244: 'argument': conversion from 'float' to 'unsigned int', possible loss of data
c:\users\user\onedrive - 연세대학교 (yonsei university)\개발\api3d\api3d\csquare.cpp(142): warning C4244: 'argument': conversion from 'float' to 'int', possible loss of data
c:\users\user\onedrive - 연세대학교 (yonsei university)\개발\api3d\api3d\csquare.cpp(143): warning C4244: 'argument': conversion from 'float' to 'unsigned int', possible loss of data
c:\users\user\onedrive - 연세대학교 (yonsei university)\개발\api3d\api3d\csquare.cpp(143): warning C4244: 'argument': conversion from 'float' to 'int', possible loss of data
c:\program files (x86)\microsoft visual studio 14.0\vc\include\xmemory0(737): warning C4244: 'argument': conversion from 'int' to 'float', possible loss of data
  c:\program files (x86)\microsoft visual studio 14.0\vc\include\xmemory0(857): note: see reference to function template instantiation 'void std::allocator<_Ty>::construct<_Objty,int,int,int,int>(_Objty *,int &&,int &&,int &&,int &&)' being compiled
          with
          [
              _Ty=cVector3,
              _Objty=cVector3
          ]
  c:\program files (x86)\microsoft visual studio 14.0\vc\include\xmemory0(857): note: see reference to function template instantiation 'void std::allocator<_Ty>::construct<_Objty,int,int,int,int>(_Objty *,int &&,int &&,int &&,int &&)' being compiled
          with
          [
              _Ty=cVector3,
              _Objty=cVector3
          ]
  c:\program files (x86)\microsoft visual studio 14.0\vc\include\xmemory0(996): note: see reference to function template instantiation 'void std::allocator_traits<_Alloc>::construct<_Ty,int,int,int,int>(std::allocator<_Ty> &,_Objty *,int &&,int &&,int &&,int &&)' being compiled
          with
          [
              _Alloc=std::allocator<cVector3>,
              _Ty=cVector3,
              _Objty=cVector3
          ]
  c:\program files (x86)\microsoft visual studio 14.0\vc\include\xmemory0(995): note: see reference to function template instantiation 'void std::allocator_traits<_Alloc>::construct<_Ty,int,int,int,int>(std::allocator<_Ty> &,_Objty *,int &&,int &&,int &&,int &&)' being compiled
          with
          [
              _Alloc=std::allocator<cVector3>,
              _Ty=cVector3,
              _Objty=cVector3
          ]
  c:\program files (x86)\microsoft visual studio 14.0\vc\include\vector(930): note: see reference to function template instantiation 'void std::_Wrap_alloc<std::allocator<_Ty>>::construct<_Ty,int,int,int,int>(_Ty *,int &&,int &&,int &&,int &&)' being compiled
          with
          [
              _Ty=cVector3
          ]
  c:\program files (x86)\microsoft visual studio 14.0\vc\include\vector(929): note: see reference to function template instantiation 'void std::_Wrap_alloc<std::allocator<_Ty>>::construct<_Ty,int,int,int,int>(_Ty *,int &&,int &&,int &&,int &&)' being compiled
          with
          [
              _Ty=cVector3
          ]
  c:\users\user\onedrive - 연세대학교 (yonsei university)\개발\api3d\api3d\csquare.cpp(12): note: see reference to function template instantiation 'void std::vector<cVector3,std::allocator<_Ty>>::emplace_back<int,int,int,int>(int &&,int &&,int &&,int &&)' being compiled
          with
          [
              _Ty=cVector3
          ]
  c:\users\user\onedrive - 연세대학교 (yonsei university)\개발\api3d\api3d\csquare.cpp(12): note: see reference to function template instantiation 'void std::vector<cVector3,std::allocator<_Ty>>::emplace_back<int,int,int,int>(int &&,int &&,int &&,int &&)' being compiled
          with
          [
              _Ty=cVector3
          ]
  API3D.vcxproj -> C:\Users\User\OneDrive - 연세대학교 (Yonsei University)\개발\API3D\Debug\API3D.exe
  API3D.vcxproj -> C:\Users\User\OneDrive - 연세대학교 (Yonsei University)\개발\API3D\Debug\API3D.pdb (Full PDB)
